2026-01-23 08:05:48,124 [INFO] ============================================================
2026-01-23 08:05:48,124 [INFO] N-BEATS Paper Trading Daemon 시작
2026-01-23 08:05:48,124 [INFO] 심볼: ['BTCUSDT', 'ETHUSDT', 'SOLUSDT', 'XRPUSDT', 'DOGEUSDT', 'BNBUSDT']
2026-01-23 08:05:48,126 [INFO] 디바이스: cuda
2026-01-23 08:05:48,126 [INFO] ============================================================
2026-01-23 08:05:48,481 [INFO] DB 초기화 완료
2026-01-23 08:05:48,620 [INFO] ✅ BTCUSDT 모델 로드 완료
2026-01-23 08:05:48,660 [INFO] ✅ ETHUSDT 모델 로드 완료
2026-01-23 08:05:48,709 [INFO] ✅ SOLUSDT 모델 로드 완료
2026-01-23 08:05:48,754 [INFO] ✅ XRPUSDT 모델 로드 완료
2026-01-23 08:05:48,828 [INFO] ✅ DOGEUSDT 모델 로드 완료
2026-01-23 08:05:48,891 [INFO] ✅ BNBUSDT 모델 로드 완료
2026-01-23 08:05:48,891 [INFO] 
--- Loop 1 | 2026-01-23 08:05:48.891728 ---
2026-01-23 08:05:49,364 [INFO] BTCUSDT 계좌 생성: $1000
2026-01-23 08:05:50,113 [INFO] ETHUSDT 계좌 생성: $1000
2026-01-23 08:05:50,496 [INFO] ETHUSDT 포지션 진입: Long @ $2941.4300 (conf: 100.0%)
2026-01-23 08:05:50,929 [INFO] SOLUSDT 계좌 생성: $1000
2026-01-23 08:05:51,304 [INFO] SOLUSDT 포지션 진입: Long @ $128.1300 (conf: 100.0%)
2026-01-23 08:05:51,770 [INFO] XRPUSDT 계좌 생성: $1000
2026-01-23 08:05:52,146 [INFO] XRPUSDT 포지션 진입: Long @ $1.9167 (conf: 47.2%)
2026-01-23 08:05:52,620 [INFO] DOGEUSDT 계좌 생성: $1000
2026-01-23 08:05:52,971 [INFO] DOGEUSDT 포지션 진입: Long @ $0.1238 (conf: 95.2%)
2026-01-23 08:05:53,594 [INFO] BNBUSDT 계좌 생성: $1000
2026-01-23 08:06:53,770 [INFO] 
--- Loop 2 | 2026-01-23 08:06:53.770450 ---
2026-01-23 08:07:57,071 [INFO] 
--- Loop 3 | 2026-01-23 08:07:57.071231 ---
2026-01-23 08:09:00,580 [INFO] 
--- Loop 4 | 2026-01-23 08:09:00.580230 ---
2026-01-23 08:10:04,214 [INFO] 
--- Loop 5 | 2026-01-23 08:10:04.214824 ---
2026-01-23 08:11:07,973 [INFO] 
--- Loop 6 | 2026-01-23 08:11:07.973226 ---
2026-01-23 08:12:12,340 [INFO] 
--- Loop 7 | 2026-01-23 08:12:12.340311 ---
2026-01-23 08:13:16,640 [INFO] 
--- Loop 8 | 2026-01-23 08:13:16.640775 ---
2026-01-23 08:14:20,449 [INFO] 
--- Loop 9 | 2026-01-23 08:14:20.449241 ---
2026-01-23 08:15:24,599 [INFO] 
--- Loop 10 | 2026-01-23 08:15:24.599210 ---
2026-01-23 08:16:28,715 [INFO] 
--- Loop 11 | 2026-01-23 08:16:28.715993 ---
2026-01-23 08:17:32,434 [INFO] 
--- Loop 12 | 2026-01-23 08:17:32.434022 ---
2026-01-23 08:18:36,091 [INFO] 
--- Loop 13 | 2026-01-23 08:18:36.091991 ---
2026-01-23 08:19:39,726 [INFO] 
--- Loop 14 | 2026-01-23 08:19:39.726080 ---
2026-01-23 08:20:43,343 [INFO] 
--- Loop 15 | 2026-01-23 08:20:43.343459 ---
2026-01-23 08:21:47,236 [INFO] 
--- Loop 16 | 2026-01-23 08:21:47.236131 ---
2026-01-23 08:22:50,795 [INFO] 
--- Loop 17 | 2026-01-23 08:22:50.795881 ---
2026-01-23 08:23:54,761 [INFO] 
--- Loop 18 | 2026-01-23 08:23:54.761833 ---
2026-01-23 08:24:58,338 [INFO] 
--- Loop 19 | 2026-01-23 08:24:58.338256 ---
2026-01-23 08:26:02,079 [INFO] 
--- Loop 20 | 2026-01-23 08:26:02.079472 ---
2026-01-23 08:27:05,779 [INFO] 
--- Loop 21 | 2026-01-23 08:27:05.779821 ---
2026-01-23 08:28:09,473 [INFO] 
--- Loop 22 | 2026-01-23 08:28:09.473857 ---
2026-01-23 08:29:13,090 [INFO] 
--- Loop 23 | 2026-01-23 08:29:13.090272 ---
2026-01-23 08:30:16,582 [INFO] 
--- Loop 24 | 2026-01-23 08:30:16.582399 ---
2026-01-23 08:31:20,516 [INFO] 
--- Loop 25 | 2026-01-23 08:31:20.516236 ---
2026-01-23 08:32:24,209 [INFO] 
--- Loop 26 | 2026-01-23 08:32:24.209977 ---
2026-01-23 08:33:27,467 [INFO] 
--- Loop 27 | 2026-01-23 08:33:27.467824 ---
2026-01-23 08:34:30,984 [INFO] 
--- Loop 28 | 2026-01-23 08:34:30.984900 ---
2026-01-23 08:35:34,660 [INFO] 
--- Loop 29 | 2026-01-23 08:35:34.660486 ---
2026-01-23 08:36:38,061 [INFO] 
--- Loop 30 | 2026-01-23 08:36:38.061608 ---
2026-01-23 08:37:41,545 [INFO] 
--- Loop 31 | 2026-01-23 08:37:41.545511 ---
2026-01-23 08:38:45,287 [INFO] 
--- Loop 32 | 2026-01-23 08:38:45.287044 ---
2026-01-23 08:39:48,555 [INFO] 
--- Loop 33 | 2026-01-23 08:39:48.555073 ---
2026-01-23 08:40:52,172 [INFO] 
--- Loop 34 | 2026-01-23 08:40:52.172078 ---
2026-01-23 08:41:55,698 [INFO] 
--- Loop 35 | 2026-01-23 08:41:55.698135 ---
2026-01-23 08:42:59,115 [INFO] 
--- Loop 36 | 2026-01-23 08:42:59.115724 ---
2026-01-23 08:44:02,973 [INFO] 
--- Loop 37 | 2026-01-23 08:44:02.973970 ---
2026-01-23 08:45:06,651 [INFO] 
--- Loop 38 | 2026-01-23 08:45:06.651814 ---
2026-01-23 08:46:10,158 [INFO] 
--- Loop 39 | 2026-01-23 08:46:10.158735 ---
2026-01-23 08:47:13,443 [INFO] 
--- Loop 40 | 2026-01-23 08:47:13.443110 ---
2026-01-23 08:48:17,260 [INFO] 
--- Loop 41 | 2026-01-23 08:48:17.260733 ---
